D:\PANKAJ_WORK\PROJECTS\FORCODEPROJECT\LOGGER\LOGGER\DEBUG\LOGGER.EXE
D:\PANKAJ_WORK\PROJECTS\FORCODEPROJECT\LOGGER\LOGGER\DEBUG\LOGGER.ILK
D:\PANKAJ_WORK\PROJECTS\FORCODEPROJECT\LOGGER\LOGGER\DEBUG\LOGGER.PDB
D:\Pankaj_Work\Projects\ForCodeProject\Logger\Logger\Logger\Debug\cl.command.1.tlog
D:\Pankaj_Work\Projects\ForCodeProject\Logger\Logger\Logger\Debug\CL.read.1.tlog
D:\Pankaj_Work\Projects\ForCodeProject\Logger\Logger\Logger\Debug\CL.write.1.tlog
D:\Pankaj_Work\Projects\ForCodeProject\Logger\Logger\Logger\Debug\link.2680.read.1.tlog
D:\Pankaj_Work\Projects\ForCodeProject\Logger\Logger\Logger\Debug\link.2680.write.1.tlog
D:\Pankaj_Work\Projects\ForCodeProject\Logger\Logger\Logger\Debug\link.2680-cvtres.read.1.tlog
D:\Pankaj_Work\Projects\ForCodeProject\Logger\Logger\Logger\Debug\link.2680-cvtres.write.1.tlog
D:\Pankaj_Work\Projects\ForCodeProject\Logger\Logger\Logger\Debug\link.command.1.tlog
D:\Pankaj_Work\Projects\ForCodeProject\Logger\Logger\Logger\Debug\link.read.1.tlog
D:\Pankaj_Work\Projects\ForCodeProject\Logger\Logger\Logger\Debug\link.write.1.tlog
D:\Pankaj_Work\Projects\ForCodeProject\Logger\Logger\Logger\Debug\link-cvtres.read.1.tlog
D:\Pankaj_Work\Projects\ForCodeProject\Logger\Logger\Logger\Debug\link-cvtres.write.1.tlog
D:\PANKAJ_WORK\PROJECTS\FORCODEPROJECT\LOGGER\LOGGER\LOGGER\DEBUG\LOGGER.EXE.EMBED.MANIFEST
D:\PANKAJ_WORK\PROJECTS\FORCODEPROJECT\LOGGER\LOGGER\LOGGER\DEBUG\LOGGER.EXE.EMBED.MANIFEST.RES
D:\PANKAJ_WORK\PROJECTS\FORCODEPROJECT\LOGGER\LOGGER\LOGGER\DEBUG\LOGGER.EXE.INTERMEDIATE.MANIFEST
D:\PANKAJ_WORK\PROJECTS\FORCODEPROJECT\LOGGER\LOGGER\LOGGER\DEBUG\LOGGER.OBJ
D:\Pankaj_Work\Projects\ForCodeProject\Logger\Logger\Logger\Debug\Logger_manifest.rc
D:\PANKAJ_WORK\PROJECTS\FORCODEPROJECT\LOGGER\LOGGER\LOGGER\DEBUG\MAIN.OBJ
D:\Pankaj_Work\Projects\ForCodeProject\Logger\Logger\Logger\Debug\mt.command.1.tlog
D:\Pankaj_Work\Projects\ForCodeProject\Logger\Logger\Logger\Debug\mt.read.1.tlog
D:\Pankaj_Work\Projects\ForCodeProject\Logger\Logger\Logger\Debug\mt.write.1.tlog
D:\Pankaj_Work\Projects\ForCodeProject\Logger\Logger\Logger\Debug\rc.command.1.tlog
D:\Pankaj_Work\Projects\ForCodeProject\Logger\Logger\Logger\Debug\rc.read.1.tlog
D:\Pankaj_Work\Projects\ForCodeProject\Logger\Logger\Logger\Debug\rc.write.1.tlog
D:\Pankaj_Work\Projects\ForCodeProject\Logger\Logger\Logger\Debug\vc100.idb
D:\PANKAJ_WORK\PROJECTS\FORCODEPROJECT\LOGGER\LOGGER\LOGGER\DEBUG\VC100.PDB
